{"C:\\Users\\dell\\Desktop\\NAMASTE-REACT\\src\\components\\Body.js": {"path":"C:\\Users\\dell\\Desktop\\NAMASTE-REACT\\src\\components\\Body.js","statementMap":{"0":{"start":{"line":9,"column":13},"end":{"line":212,"column":3}},"1":{"start":{"line":11,"column":42},"end":{"line":11,"column":54}},"2":{"start":{"line":12,"column":56},"end":{"line":12,"column":68}},"3":{"start":{"line":14,"column":41},"end":{"line":14,"column":53}},"4":{"start":{"line":17,"column":4},"end":{"line":17,"column":50}},"5":{"start":{"line":18,"column":4},"end":{"line":20,"column":10}},"6":{"start":{"line":19,"column":5},"end":{"line":19,"column":17}},"7":{"start":{"line":22,"column":24},"end":{"line":62,"column":17}},"8":{"start":{"line":27,"column":30},"end":{"line":27,"column":69}},"9":{"start":{"line":37,"column":27},"end":{"line":37,"column":49}},"10":{"start":{"line":39,"column":27},"end":{"line":39,"column":44}},"11":{"start":{"line":43,"column":33},"end":{"line":43,"column":107}},"12":{"start":{"line":44,"column":14},"end":{"line":44,"column":42}},"13":{"start":{"line":45,"column":14},"end":{"line":45,"column":48}},"14":{"start":{"line":65,"column":24},"end":{"line":65,"column":41}},"15":{"start":{"line":67,"column":3},"end":{"line":73,"column":5}},"16":{"start":{"line":68,"column":5},"end":{"line":73,"column":5}},"17":{"start":{"line":77,"column":3},"end":{"line":77,"column":52}},"18":{"start":{"line":77,"column":33},"end":{"line":77,"column":52}},"19":{"start":{"line":89,"column":3},"end":{"line":211,"column":5}},"20":{"start":{"line":94,"column":13},"end":{"line":94,"column":43}},"21":{"start":{"line":106,"column":25},"end":{"line":108,"column":5}},"22":{"start":{"line":107,"column":6},"end":{"line":107,"column":71}},"23":{"start":{"line":109,"column":4},"end":{"line":109,"column":44}},"24":{"start":{"line":110,"column":4},"end":{"line":110,"column":43}},"25":{"start":{"line":112,"column":4},"end":{"line":112,"column":40}},"26":{"start":{"line":147,"column":25},"end":{"line":149,"column":5}},"27":{"start":{"line":148,"column":15},"end":{"line":148,"column":39}},"28":{"start":{"line":150,"column":4},"end":{"line":150,"column":40}},"29":{"start":{"line":151,"column":4},"end":{"line":151,"column":50}},"30":{"start":{"line":167,"column":4},"end":{"line":167,"column":44}},"31":{"start":{"line":168,"column":4},"end":{"line":168,"column":45}},"32":{"start":{"line":170,"column":4},"end":{"line":172,"column":6}}},"fnMap":{"0":{"name":"(anonymous_0)","decl":{"start":{"line":9,"column":13},"end":{"line":9,"column":14}},"loc":{"start":{"line":9,"column":19},"end":{"line":212,"column":3}},"line":9},"1":{"name":"(anonymous_1)","decl":{"start":{"line":18,"column":14},"end":{"line":18,"column":15}},"loc":{"start":{"line":18,"column":20},"end":{"line":20,"column":5}},"line":18},"2":{"name":"(anonymous_2)","decl":{"start":{"line":22,"column":24},"end":{"line":22,"column":25}},"loc":{"start":{"line":22,"column":36},"end":{"line":62,"column":17}},"line":22},"3":{"name":"(anonymous_3)","decl":{"start":{"line":93,"column":126},"end":{"line":93,"column":127}},"loc":{"start":{"line":93,"column":133},"end":{"line":95,"column":11}},"line":93},"4":{"name":"(anonymous_4)","decl":{"start":{"line":105,"column":11},"end":{"line":105,"column":12}},"loc":{"start":{"line":105,"column":17},"end":{"line":113,"column":3}},"line":105},"5":{"name":"(anonymous_5)","decl":{"start":{"line":106,"column":45},"end":{"line":106,"column":46}},"loc":{"start":{"line":107,"column":6},"end":{"line":107,"column":71}},"line":107},"6":{"name":"(anonymous_6)","decl":{"start":{"line":146,"column":11},"end":{"line":146,"column":12}},"loc":{"start":{"line":146,"column":17},"end":{"line":152,"column":3}},"line":146},"7":{"name":"(anonymous_7)","decl":{"start":{"line":148,"column":6},"end":{"line":148,"column":7}},"loc":{"start":{"line":148,"column":15},"end":{"line":148,"column":39}},"line":148},"8":{"name":"(anonymous_8)","decl":{"start":{"line":165,"column":52},"end":{"line":165,"column":53}},"loc":{"start":{"line":165,"column":61},"end":{"line":173,"column":3}},"line":165}},"branchMap":{"0":{"loc":{"start":{"line":67,"column":3},"end":{"line":73,"column":5}},"type":"if","locations":[{"start":{"line":67,"column":3},"end":{"line":73,"column":5}},{"start":{},"end":{}}],"line":67},"1":{"loc":{"start":{"line":77,"column":3},"end":{"line":77,"column":52}},"type":"if","locations":[{"start":{"line":77,"column":3},"end":{"line":77,"column":52}},{"start":{},"end":{}}],"line":77},"2":{"loc":{"start":{"line":165,"column":2},"end":{"line":173,"column":4}},"type":"binary-expr","locations":[{"start":{"line":165,"column":2},"end":{"line":165,"column":25}},{"start":{"line":165,"column":29},"end":{"line":173,"column":4}}],"line":165}},"s":{"0":1,"1":2,"2":1,"3":1,"4":1,"5":1,"6":1,"7":1,"8":1,"9":1,"10":1,"11":1,"12":1,"13":1,"14":1,"15":1,"16":0,"17":1,"18":1,"19":0,"20":0,"21":0,"22":0,"23":0,"24":0,"25":0,"26":0,"27":0,"28":0,"29":0,"30":0,"31":0,"32":0},"f":{"0":2,"1":1,"2":1,"3":0,"4":0,"5":0,"6":0,"7":0,"8":0},"b":{"0":[0,1],"1":[1,0],"2":[0,0]},"_coverageSchema":"1a1c01bbd47fc00a2c39e90264f33305004495a9","hash":"9c4868f56bf52b05385b9b48a88b311dfe20d049"}
,"C:\\Users\\dell\\Desktop\\NAMASTE-REACT\\src\\components\\Contact.js": {"path":"C:\\Users\\dell\\Desktop\\NAMASTE-REACT\\src\\components\\Contact.js","statementMap":{"0":{"start":{"line":1,"column":16},"end":{"line":12,"column":1}},"1":{"start":{"line":2,"column":4},"end":{"line":11,"column":5}}},"fnMap":{"0":{"name":"(anonymous_0)","decl":{"start":{"line":1,"column":16},"end":{"line":1,"column":17}},"loc":{"start":{"line":1,"column":22},"end":{"line":12,"column":1}},"line":1}},"branchMap":{},"s":{"0":1,"1":4},"f":{"0":4},"b":{},"_coverageSchema":"1a1c01bbd47fc00a2c39e90264f33305004495a9","hash":"6ec5952abfa27f5f3bc69d126f8553e3ded84608"}
,"C:\\Users\\dell\\Desktop\\NAMASTE-REACT\\src\\components\\Header.js": {"path":"C:\\Users\\dell\\Desktop\\NAMASTE-REACT\\src\\components\\Header.js","statementMap":{"0":{"start":{"line":8,"column":15},"end":{"line":79,"column":1}},"1":{"start":{"line":10,"column":35},"end":{"line":10,"column":52}},"2":{"start":{"line":12,"column":24},"end":{"line":12,"column":41}},"3":{"start":{"line":14,"column":26},"end":{"line":14,"column":49}},"4":{"start":{"line":17,"column":21},"end":{"line":17,"column":61}},"5":{"start":{"line":17,"column":44},"end":{"line":17,"column":60}},"6":{"start":{"line":19,"column":38},"end":{"line":19,"column":53}},"7":{"start":{"line":21,"column":3},"end":{"line":78,"column":4}},"8":{"start":{"line":30,"column":30},"end":{"line":30,"column":56}},"9":{"start":{"line":66,"column":24},"end":{"line":66,"column":91}}},"fnMap":{"0":{"name":"(anonymous_0)","decl":{"start":{"line":8,"column":15},"end":{"line":8,"column":16}},"loc":{"start":{"line":8,"column":21},"end":{"line":79,"column":1}},"line":8},"1":{"name":"(anonymous_1)","decl":{"start":{"line":17,"column":33},"end":{"line":17,"column":34}},"loc":{"start":{"line":17,"column":44},"end":{"line":17,"column":60}},"line":17},"2":{"name":"(anonymous_2)","decl":{"start":{"line":30,"column":24},"end":{"line":30,"column":25}},"loc":{"start":{"line":30,"column":30},"end":{"line":30,"column":56}},"line":30},"3":{"name":"(anonymous_3)","decl":{"start":{"line":65,"column":32},"end":{"line":65,"column":33}},"loc":{"start":{"line":65,"column":38},"end":{"line":66,"column":92}},"line":65}},"branchMap":{"0":{"loc":{"start":{"line":38,"column":54},"end":{"line":38,"column":85}},"type":"cond-expr","locations":[{"start":{"line":38,"column":67},"end":{"line":38,"column":74}},{"start":{"line":38,"column":77},"end":{"line":38,"column":85}}],"line":38},"1":{"loc":{"start":{"line":42,"column":22},"end":{"line":42,"column":63}},"type":"cond-expr","locations":[{"start":{"line":42,"column":37},"end":{"line":42,"column":48}},{"start":{"line":42,"column":51},"end":{"line":42,"column":63}}],"line":42},"2":{"loc":{"start":{"line":66,"column":24},"end":{"line":66,"column":91}},"type":"cond-expr","locations":[{"start":{"line":66,"column":47},"end":{"line":66,"column":68}},{"start":{"line":66,"column":71},"end":{"line":66,"column":91}}],"line":66}},"s":{"0":1,"1":5,"2":5,"3":5,"4":5,"5":9,"6":5,"7":5,"8":0,"9":1},"f":{"0":5,"1":9,"2":0,"3":1},"b":{"0":[0,5],"1":[5,0],"2":[1,0]},"_coverageSchema":"1a1c01bbd47fc00a2c39e90264f33305004495a9","hash":"5d373250b193cb028db60ff38da2e539d3fc9f34"}
,"C:\\Users\\dell\\Desktop\\NAMASTE-REACT\\src\\components\\Loader.js": {"path":"C:\\Users\\dell\\Desktop\\NAMASTE-REACT\\src\\components\\Loader.js","statementMap":{"0":{"start":{"line":1,"column":15},"end":{"line":7,"column":1}},"1":{"start":{"line":2,"column":4},"end":{"line":6,"column":5}}},"fnMap":{"0":{"name":"(anonymous_0)","decl":{"start":{"line":1,"column":15},"end":{"line":1,"column":16}},"loc":{"start":{"line":1,"column":21},"end":{"line":7,"column":1}},"line":1}},"branchMap":{},"s":{"0":1,"1":0},"f":{"0":0},"b":{},"_coverageSchema":"1a1c01bbd47fc00a2c39e90264f33305004495a9","hash":"9ab31d47800e595e8b2ca57a050b84839a66f52e"}
,"C:\\Users\\dell\\Desktop\\NAMASTE-REACT\\src\\components\\RestaurantCard.js": {"path":"C:\\Users\\dell\\Desktop\\NAMASTE-REACT\\src\\components\\RestaurantCard.js","statementMap":{"0":{"start":{"line":5,"column":18},"end":{"line":7,"column":1}},"1":{"start":{"line":9,"column":23},"end":{"line":58,"column":1}},"2":{"start":{"line":13,"column":21},"end":{"line":13,"column":26}},"3":{"start":{"line":15,"column":3},"end":{"line":15,"column":39}},"4":{"start":{"line":17,"column":26},"end":{"line":17,"column":49}},"5":{"start":{"line":22,"column":68},"end":{"line":22,"column":75}},"6":{"start":{"line":24,"column":19},"end":{"line":24,"column":101}},"7":{"start":{"line":25,"column":3},"end":{"line":57,"column":4}}},"fnMap":{"0":{"name":"(anonymous_0)","decl":{"start":{"line":9,"column":23},"end":{"line":9,"column":24}},"loc":{"start":{"line":9,"column":34},"end":{"line":58,"column":1}},"line":9}},"branchMap":{},"s":{"0":1,"1":1,"2":0,"3":0,"4":0,"5":0,"6":0,"7":0},"f":{"0":0},"b":{},"_coverageSchema":"1a1c01bbd47fc00a2c39e90264f33305004495a9","hash":"aaa620db1fd1c425d7a1f9a4ef48ef91095ca5a0"}
,"C:\\Users\\dell\\Desktop\\NAMASTE-REACT\\src\\components\\Shimmer.js": {"path":"C:\\Users\\dell\\Desktop\\NAMASTE-REACT\\src\\components\\Shimmer.js","statementMap":{"0":{"start":{"line":1,"column":16},"end":{"line":19,"column":1}},"1":{"start":{"line":2,"column":4},"end":{"line":18,"column":5}}},"fnMap":{"0":{"name":"(anonymous_0)","decl":{"start":{"line":1,"column":16},"end":{"line":1,"column":17}},"loc":{"start":{"line":1,"column":22},"end":{"line":19,"column":1}},"line":1}},"branchMap":{},"s":{"0":1,"1":1},"f":{"0":1},"b":{},"_coverageSchema":"1a1c01bbd47fc00a2c39e90264f33305004495a9","hash":"0ed82e54d481923668eacace4da2bf896f397699"}
,"C:\\Users\\dell\\Desktop\\NAMASTE-REACT\\src\\components\\sum.js": {"path":"C:\\Users\\dell\\Desktop\\NAMASTE-REACT\\src\\components\\sum.js","statementMap":{"0":{"start":{"line":1,"column":20},"end":{"line":3,"column":1}},"1":{"start":{"line":2,"column":4},"end":{"line":2,"column":17}}},"fnMap":{"0":{"name":"(anonymous_0)","decl":{"start":{"line":1,"column":20},"end":{"line":1,"column":21}},"loc":{"start":{"line":1,"column":29},"end":{"line":3,"column":1}},"line":1}},"branchMap":{},"s":{"0":1,"1":1},"f":{"0":1},"b":{},"_coverageSchema":"1a1c01bbd47fc00a2c39e90264f33305004495a9","hash":"5f4555e83abeb2c296a57b88ef97a3763a25b687"}
,"C:\\Users\\dell\\Desktop\\NAMASTE-REACT\\src\\utils\\UserContext.js": {"path":"C:\\Users\\dell\\Desktop\\NAMASTE-REACT\\src\\utils\\UserContext.js","statementMap":{"0":{"start":{"line":3,"column":20},"end":{"line":5,"column":2}}},"fnMap":{},"branchMap":{},"s":{"0":2},"f":{},"b":{},"_coverageSchema":"1a1c01bbd47fc00a2c39e90264f33305004495a9","hash":"8a6c70c6ce852778f6c5e3f8d36593ef0fd10f32"}
,"C:\\Users\\dell\\Desktop\\NAMASTE-REACT\\src\\utils\\appStore.js": {"path":"C:\\Users\\dell\\Desktop\\NAMASTE-REACT\\src\\utils\\appStore.js","statementMap":{"0":{"start":{"line":4,"column":17},"end":{"line":8,"column":2}}},"fnMap":{},"branchMap":{},"s":{"0":1},"f":{},"b":{},"_coverageSchema":"1a1c01bbd47fc00a2c39e90264f33305004495a9","hash":"e74de52eedfd060735925dbe7be62a582197580e"}
,"C:\\Users\\dell\\Desktop\\NAMASTE-REACT\\src\\utils\\cartSlice.js": {"path":"C:\\Users\\dell\\Desktop\\NAMASTE-REACT\\src\\utils\\cartSlice.js","statementMap":{"0":{"start":{"line":3,"column":18},"end":{"line":33,"column":2}},"1":{"start":{"line":19,"column":11},"end":{"line":19,"column":43}},"2":{"start":{"line":24,"column":23},"end":{"line":24,"column":37}},"3":{"start":{"line":26,"column":12},"end":{"line":26,"column":82}},"4":{"start":{"line":26,"column":55},"end":{"line":26,"column":81}},"5":{"start":{"line":30,"column":12},"end":{"line":30,"column":34}},"6":{"start":{"line":35,"column":50},"end":{"line":35,"column":67}}},"fnMap":{"0":{"name":"(anonymous_0)","decl":{"start":{"line":9,"column":17},"end":{"line":9,"column":18}},"loc":{"start":{"line":9,"column":37},"end":{"line":20,"column":9}},"line":9},"1":{"name":"(anonymous_1)","decl":{"start":{"line":22,"column":20},"end":{"line":22,"column":21}},"loc":{"start":{"line":22,"column":38},"end":{"line":27,"column":9}},"line":22},"2":{"name":"(anonymous_2)","decl":{"start":{"line":26,"column":45},"end":{"line":26,"column":46}},"loc":{"start":{"line":26,"column":55},"end":{"line":26,"column":81}},"line":26},"3":{"name":"(anonymous_3)","decl":{"start":{"line":29,"column":19},"end":{"line":29,"column":20}},"loc":{"start":{"line":29,"column":30},"end":{"line":31,"column":9}},"line":29}},"branchMap":{},"s":{"0":1,"1":0,"2":0,"3":0,"4":0,"5":0,"6":1},"f":{"0":0,"1":0,"2":0,"3":0},"b":{},"_coverageSchema":"1a1c01bbd47fc00a2c39e90264f33305004495a9","hash":"5c3f0cde3fca19f9c9049d5f1f5a15e9b35a8cdb"}
,"C:\\Users\\dell\\Desktop\\NAMASTE-REACT\\src\\utils\\constants.js": {"path":"C:\\Users\\dell\\Desktop\\NAMASTE-REACT\\src\\utils\\constants.js","statementMap":{"0":{"start":{"line":1,"column":23},"end":{"line":1,"column":106}},"1":{"start":{"line":2,"column":24},"end":{"line":2,"column":152}}},"fnMap":{},"branchMap":{},"s":{"0":2,"1":2},"f":{},"b":{},"_coverageSchema":"1a1c01bbd47fc00a2c39e90264f33305004495a9","hash":"940c31c1c4ad0f3ebc55a1945d481c664e1285b7"}
,"C:\\Users\\dell\\Desktop\\NAMASTE-REACT\\src\\utils\\useOnlineStatus.js": {"path":"C:\\Users\\dell\\Desktop\\NAMASTE-REACT\\src\\utils\\useOnlineStatus.js","statementMap":{"0":{"start":{"line":3,"column":24},"end":{"line":30,"column":1}},"1":{"start":{"line":5,"column":42},"end":{"line":5,"column":58}},"2":{"start":{"line":8,"column":4},"end":{"line":24,"column":10}},"3":{"start":{"line":9,"column":12},"end":{"line":14,"column":7}},"4":{"start":{"line":11,"column":14},"end":{"line":11,"column":36}},"5":{"start":{"line":12,"column":14},"end":{"line":12,"column":59}},"6":{"start":{"line":16,"column":23},"end":{"line":21,"column":7}},"7":{"start":{"line":18,"column":14},"end":{"line":18,"column":37}},"8":{"start":{"line":19,"column":14},"end":{"line":19,"column":60}},"9":{"start":{"line":29,"column":4},"end":{"line":29,"column":24}}},"fnMap":{"0":{"name":"(anonymous_0)","decl":{"start":{"line":3,"column":24},"end":{"line":3,"column":25}},"loc":{"start":{"line":3,"column":30},"end":{"line":30,"column":1}},"line":3},"1":{"name":"(anonymous_1)","decl":{"start":{"line":8,"column":14},"end":{"line":8,"column":15}},"loc":{"start":{"line":8,"column":20},"end":{"line":24,"column":5}},"line":8},"2":{"name":"(anonymous_2)","decl":{"start":{"line":9,"column":47},"end":{"line":9,"column":48}},"loc":{"start":{"line":9,"column":53},"end":{"line":14,"column":5}},"line":9},"3":{"name":"(anonymous_3)","decl":{"start":{"line":16,"column":59},"end":{"line":16,"column":60}},"loc":{"start":{"line":16,"column":65},"end":{"line":21,"column":5}},"line":16}},"branchMap":{},"s":{"0":2,"1":6,"2":6,"3":5,"4":0,"5":0,"6":5,"7":0,"8":0,"9":6},"f":{"0":6,"1":5,"2":0,"3":0},"b":{},"_coverageSchema":"1a1c01bbd47fc00a2c39e90264f33305004495a9","hash":"1a4ae299ae59d05a07322f394e5783d12992c9c1"}
}
