TN:
SF:src\components\Body.js
FN:9,(anonymous_0)
FN:18,(anonymous_1)
FN:22,(anonymous_2)
FN:93,(anonymous_3)
FN:105,(anonymous_4)
FN:106,(anonymous_5)
FN:146,(anonymous_6)
FN:148,(anonymous_7)
FN:165,(anonymous_8)
FNF:9
FNH:3
FNDA:2,(anonymous_0)
FNDA:1,(anonymous_1)
FNDA:1,(anonymous_2)
FNDA:0,(anonymous_3)
FNDA:0,(anonymous_4)
FNDA:0,(anonymous_5)
FNDA:0,(anonymous_6)
FNDA:0,(anonymous_7)
FNDA:0,(anonymous_8)
DA:9,1
DA:11,2
DA:12,1
DA:14,1
DA:17,1
DA:18,1
DA:19,1
DA:22,1
DA:27,1
DA:37,1
DA:39,1
DA:43,1
DA:44,1
DA:45,1
DA:65,1
DA:67,1
DA:68,0
DA:77,1
DA:89,0
DA:94,0
DA:106,0
DA:107,0
DA:109,0
DA:110,0
DA:112,0
DA:147,0
DA:148,0
DA:150,0
DA:151,0
DA:167,0
DA:168,0
DA:170,0
LF:32
LH:17
BRDA:67,0,0,0
BRDA:67,0,1,1
BRDA:77,1,0,1
BRDA:77,1,1,0
BRDA:165,2,0,0
BRDA:165,2,1,0
BRF:6
BRH:2
end_of_record
TN:
SF:src\components\Contact.js
FN:1,(anonymous_0)
FNF:1
FNH:1
FNDA:4,(anonymous_0)
DA:1,1
DA:2,4
LF:2
LH:2
BRF:0
BRH:0
end_of_record
TN:
SF:src\components\Header.js
FN:8,(anonymous_0)
FN:17,(anonymous_1)
FN:30,(anonymous_2)
FN:65,(anonymous_3)
FNF:4
FNH:3
FNDA:5,(anonymous_0)
FNDA:9,(anonymous_1)
FNDA:0,(anonymous_2)
FNDA:1,(anonymous_3)
DA:8,1
DA:10,5
DA:12,5
DA:14,5
DA:17,9
DA:19,5
DA:21,5
DA:30,0
DA:66,1
LF:9
LH:8
BRDA:38,0,0,0
BRDA:38,0,1,5
BRDA:42,1,0,5
BRDA:42,1,1,0
BRDA:66,2,0,1
BRDA:66,2,1,0
BRF:6
BRH:3
end_of_record
TN:
SF:src\components\Loader.js
FN:1,(anonymous_0)
FNF:1
FNH:0
FNDA:0,(anonymous_0)
DA:1,1
DA:2,0
LF:2
LH:1
BRF:0
BRH:0
end_of_record
TN:
SF:src\components\RestaurantCard.js
FN:9,(anonymous_0)
FNF:1
FNH:0
FNDA:0,(anonymous_0)
DA:5,1
DA:9,1
DA:13,0
DA:15,0
DA:17,0
DA:22,0
DA:24,0
DA:25,0
LF:8
LH:2
BRF:0
BRH:0
end_of_record
TN:
SF:src\components\Shimmer.js
FN:1,(anonymous_0)
FNF:1
FNH:1
FNDA:1,(anonymous_0)
DA:1,1
DA:2,1
LF:2
LH:2
BRF:0
BRH:0
end_of_record
TN:
SF:src\components\sum.js
FN:1,(anonymous_0)
FNF:1
FNH:1
FNDA:1,(anonymous_0)
DA:1,1
DA:2,1
LF:2
LH:2
BRF:0
BRH:0
end_of_record
TN:
SF:src\utils\UserContext.js
FNF:0
FNH:0
DA:3,2
LF:1
LH:1
BRF:0
BRH:0
end_of_record
TN:
SF:src\utils\appStore.js
FNF:0
FNH:0
DA:4,1
LF:1
LH:1
BRF:0
BRH:0
end_of_record
TN:
SF:src\utils\cartSlice.js
FN:9,(anonymous_0)
FN:22,(anonymous_1)
FN:26,(anonymous_2)
FN:29,(anonymous_3)
FNF:4
FNH:0
FNDA:0,(anonymous_0)
FNDA:0,(anonymous_1)
FNDA:0,(anonymous_2)
FNDA:0,(anonymous_3)
DA:3,1
DA:19,0
DA:24,0
DA:26,0
DA:30,0
DA:35,1
LF:6
LH:2
BRF:0
BRH:0
end_of_record
TN:
SF:src\utils\constants.js
FNF:0
FNH:0
DA:1,2
DA:2,2
LF:2
LH:2
BRF:0
BRH:0
end_of_record
TN:
SF:src\utils\useOnlineStatus.js
FN:3,(anonymous_0)
FN:8,(anonymous_1)
FN:9,(anonymous_2)
FN:16,(anonymous_3)
FNF:4
FNH:2
FNDA:6,(anonymous_0)
FNDA:5,(anonymous_1)
FNDA:0,(anonymous_2)
FNDA:0,(anonymous_3)
DA:3,2
DA:5,6
DA:8,6
DA:9,5
DA:11,0
DA:12,0
DA:16,5
DA:18,0
DA:19,0
DA:29,6
LF:10
LH:6
BRF:0
BRH:0
end_of_record
